<?xml version="1.0" encoding="UTF-8"?>
<!-- Generated by org.testng.reporters.JUnitReportReporter -->
<testsuite hostname="LAPTOP-U23ABP6K" failures="0" tests="1" name="MyFirstProject.EComAutoProject.E2E_ECom_Automation" time="7.816" errors="0" timestamp="2025-05-28T21:53:32 IST" skipped="0">
  <testcase classname="MyFirstProject.EComAutoProject.E2E_ECom_Automation" name="E2E_Test" time="7.816"/>
</testsuite> <!-- MyFirstProject.EComAutoProject.E2E_ECom_Automation -->
