<?xml version="1.0" encoding="UTF-8"?>
<!-- Generated by org.testng.reporters.JUnitReportReporter -->
<testsuite hostname="LAPTOP-U23ABP6K" failures="0" tests="1" name="testCases.E2E_ECom_Automation" time="6.555" errors="0" timestamp="2025-06-03T23:00:51 IST" skipped="0">
  <testcase classname="testCases.E2E_ECom_Automation" name="E2E_Test" time="6.555"/>
</testsuite> <!-- testCases.E2E_ECom_Automation -->
