<?xml version="1.0" encoding="UTF-8"?>
<!-- Generated by org.testng.reporters.JUnitReportReporter -->
<testsuite hostname="LAPTOP-U23ABP6K" failures="0" tests="1" name="rahulshettyacademy.Tests.StandAloneTest2" time="16.930" errors="0" timestamp="2025-05-08T21:59:51 IST" skipped="0">
  <testcase classname="rahulshettyacademy.Tests.StandAloneTest2" name="StandAloneTst" time="16.930"/>
</testsuite> <!-- rahulshettyacademy.Tests.StandAloneTest2 -->
